{"level":"info","ts":1739344090.332872,"caller":"client/main.go:166","msg":"Start decrypted data updating","role":"agent"}
{"level":"error","ts":1739344094.444563,"caller":"handlers/handlers.go:145","msg":"such user already exist","role":"agent","login":"test","stacktrace":"gophkeeper/internal/client/handlers.Register\n\t/home/anton/My_education/Go_Practicum/gophkeeper/internal/client/handlers/handlers.go:145\nmain.createTUI.RegisterPage.func2.4\n\t/home/anton/My_education/Go_Practicum/gophkeeper/internal/client/tui/ident/register/register.go:57\ngithub.com/rivo/tview.(*Form).InputHandler.func1.(*Button).InputHandler.1\n\t/home/anton/go/pkg/mod/github.com/rivo/tview@v0.0.0-20241227133733-17b7edb88c57/button.go:165\ngithub.com/rivo/tview.(*Form).InputHandler.func1.(*Button).InputHandler.(*Box).WrapInputHandler.2\n\t/home/anton/go/pkg/mod/github.com/rivo/tview@v0.0.0-20241227133733-17b7edb88c57/box.go:167\ngithub.com/rivo/tview.(*Form).InputHandler.func1\n\t/home/anton/go/pkg/mod/github.com/rivo/tview@v0.0.0-20241227133733-17b7edb88c57/form.go:867\ngithub.com/rivo/tview.(*Form).InputHandler.(*Box).WrapInputHandler.func2\n\t/home/anton/go/pkg/mod/github.com/rivo/tview@v0.0.0-20241227133733-17b7edb88c57/box.go:167\ngithub.com/rivo/tview.(*Flex).InputHandler.func1\n\t/home/anton/go/pkg/mod/github.com/rivo/tview@v0.0.0-20241227133733-17b7edb88c57/flex.go:255\ngithub.com/rivo/tview.(*Flex).InputHandler.(*Box).WrapInputHandler.func2\n\t/home/anton/go/pkg/mod/github.com/rivo/tview@v0.0.0-20241227133733-17b7edb88c57/box.go:167\ngithub.com/rivo/tview.(*Pages).InputHandler.func1\n\t/home/anton/go/pkg/mod/github.com/rivo/tview@v0.0.0-20241227133733-17b7edb88c57/pages.go:323\ngithub.com/rivo/tview.(*Pages).InputHandler.(*Box).WrapInputHandler.func2\n\t/home/anton/go/pkg/mod/github.com/rivo/tview@v0.0.0-20241227133733-17b7edb88c57/box.go:167\ngithub.com/rivo/tview.(*Application).Run\n\t/home/anton/go/pkg/mod/github.com/rivo/tview@v0.0.0-20241227133733-17b7edb88c57/application.go:416\ngophkeeper/internal/client/tui/app.(*App).Run\n\t/home/anton/My_education/Go_Practicum/gophkeeper/internal/client/tui/app/app.go:38\nmain.run.func1\n\t/home/anton/My_education/Go_Practicum/gophkeeper/cmd/client/main.go:103"}
{"level":"error","ts":1739344094.4448025,"caller":"register/register.go:73","msg":"user already register","role":"agent","login":"test","stacktrace":"main.createTUI.RegisterPage.func2.4\n\t/home/anton/My_education/Go_Practicum/gophkeeper/internal/client/tui/ident/register/register.go:73\ngithub.com/rivo/tview.(*Form).InputHandler.func1.(*Button).InputHandler.1\n\t/home/anton/go/pkg/mod/github.com/rivo/tview@v0.0.0-20241227133733-17b7edb88c57/button.go:165\ngithub.com/rivo/tview.(*Form).InputHandler.func1.(*Button).InputHandler.(*Box).WrapInputHandler.2\n\t/home/anton/go/pkg/mod/github.com/rivo/tview@v0.0.0-20241227133733-17b7edb88c57/box.go:167\ngithub.com/rivo/tview.(*Form).InputHandler.func1\n\t/home/anton/go/pkg/mod/github.com/rivo/tview@v0.0.0-20241227133733-17b7edb88c57/form.go:867\ngithub.com/rivo/tview.(*Form).InputHandler.(*Box).WrapInputHandler.func2\n\t/home/anton/go/pkg/mod/github.com/rivo/tview@v0.0.0-20241227133733-17b7edb88c57/box.go:167\ngithub.com/rivo/tview.(*Flex).InputHandler.func1\n\t/home/anton/go/pkg/mod/github.com/rivo/tview@v0.0.0-20241227133733-17b7edb88c57/flex.go:255\ngithub.com/rivo/tview.(*Flex).InputHandler.(*Box).WrapInputHandler.func2\n\t/home/anton/go/pkg/mod/github.com/rivo/tview@v0.0.0-20241227133733-17b7edb88c57/box.go:167\ngithub.com/rivo/tview.(*Pages).InputHandler.func1\n\t/home/anton/go/pkg/mod/github.com/rivo/tview@v0.0.0-20241227133733-17b7edb88c57/pages.go:323\ngithub.com/rivo/tview.(*Pages).InputHandler.(*Box).WrapInputHandler.func2\n\t/home/anton/go/pkg/mod/github.com/rivo/tview@v0.0.0-20241227133733-17b7edb88c57/box.go:167\ngithub.com/rivo/tview.(*Application).Run\n\t/home/anton/go/pkg/mod/github.com/rivo/tview@v0.0.0-20241227133733-17b7edb88c57/application.go:416\ngophkeeper/internal/client/tui/app.(*App).Run\n\t/home/anton/My_education/Go_Practicum/gophkeeper/internal/client/tui/app/app.go:38\nmain.run.func1\n\t/home/anton/My_education/Go_Practicum/gophkeeper/cmd/client/main.go:103"}
{"level":"info","ts":1739344095.333137,"caller":"client/main.go:166","msg":"Start decrypted data updating","role":"agent"}
{"level":"info","ts":1739344100.3364627,"caller":"client/main.go:166","msg":"Start decrypted data updating","role":"agent"}
{"level":"info","ts":1739344105.337338,"caller":"client/main.go:166","msg":"Start decrypted data updating","role":"agent"}
{"level":"info","ts":1739344110.3340573,"caller":"client/main.go:166","msg":"Start decrypted data updating","role":"agent"}
{"level":"info","ts":1739344115.3370159,"caller":"client/main.go:166","msg":"Start decrypted data updating","role":"agent"}
{"level":"info","ts":1739344120.3357878,"caller":"client/main.go:166","msg":"Start decrypted data updating","role":"agent"}
{"level":"info","ts":1739344125.3368278,"caller":"client/main.go:166","msg":"Start decrypted data updating","role":"agent"}
{"level":"info","ts":1739344130.3357608,"caller":"client/main.go:166","msg":"Start decrypted data updating","role":"agent"}
{"level":"info","ts":1739344135.3323362,"caller":"client/main.go:166","msg":"Start decrypted data updating","role":"agent"}
{"level":"info","ts":1739344140.3373117,"caller":"client/main.go:166","msg":"Start decrypted data updating","role":"agent"}
{"level":"info","ts":1739344145.3327508,"caller":"client/main.go:166","msg":"Start decrypted data updating","role":"agent"}
{"level":"info","ts":1739344150.3372939,"caller":"client/main.go:166","msg":"Start decrypted data updating","role":"agent"}
{"level":"info","ts":1739344155.336584,"caller":"client/main.go:166","msg":"Start decrypted data updating","role":"agent"}
{"level":"info","ts":1739344160.336848,"caller":"client/main.go:166","msg":"Start decrypted data updating","role":"agent"}
{"level":"info","ts":1739344165.3368003,"caller":"client/main.go:166","msg":"Start decrypted data updating","role":"agent"}
{"level":"info","ts":1739344170.337111,"caller":"client/main.go:166","msg":"Start decrypted data updating","role":"agent"}
{"level":"info","ts":1739344175.337132,"caller":"client/main.go:166","msg":"Start decrypted data updating","role":"agent"}
{"level":"info","ts":1739344180.3357918,"caller":"client/main.go:166","msg":"Start decrypted data updating","role":"agent"}
{"level":"info","ts":1739344185.3332036,"caller":"client/main.go:166","msg":"Start decrypted data updating","role":"agent"}
{"level":"info","ts":1739344190.3370824,"caller":"client/main.go:166","msg":"Start decrypted data updating","role":"agent"}
{"level":"info","ts":1739344195.3357532,"caller":"client/main.go:166","msg":"Start decrypted data updating","role":"agent"}
{"level":"info","ts":1739344200.3368485,"caller":"client/main.go:166","msg":"Start decrypted data updating","role":"agent"}
{"level":"info","ts":1739344205.3370748,"caller":"client/main.go:166","msg":"Start decrypted data updating","role":"agent"}
{"level":"info","ts":1739344210.3353074,"caller":"client/main.go:166","msg":"Start decrypted data updating","role":"agent"}
{"level":"info","ts":1739344215.332786,"caller":"client/main.go:166","msg":"Start decrypted data updating","role":"agent"}
{"level":"info","ts":1739344220.3355246,"caller":"client/main.go:166","msg":"Start decrypted data updating","role":"agent"}
{"level":"info","ts":1739344225.3324826,"caller":"client/main.go:166","msg":"Start decrypted data updating","role":"agent"}
{"level":"info","ts":1739344230.3331637,"caller":"client/main.go:166","msg":"Start decrypted data updating","role":"agent"}
{"level":"info","ts":1739344234.459956,"caller":"handlers/handlers.go:237","msg":"user successfully authorize","role":"agent","login":"test"}
{"level":"info","ts":1739344235.3327844,"caller":"client/main.go:166","msg":"Start decrypted data updating","role":"agent"}
{"level":"info","ts":1739344240.3331184,"caller":"client/main.go:166","msg":"Start decrypted data updating","role":"agent"}
{"level":"info","ts":1739344245.3325942,"caller":"client/main.go:166","msg":"Start decrypted data updating","role":"agent"}
{"level":"info","ts":1739344250.33298,"caller":"client/main.go:166","msg":"Start decrypted data updating","role":"agent"}
{"level":"info","ts":1739344255.3324401,"caller":"client/main.go:166","msg":"Start decrypted data updating","role":"agent"}
{"level":"info","ts":1739344260.332753,"caller":"client/main.go:166","msg":"Start decrypted data updating","role":"agent"}
{"level":"info","ts":1739344265.3328693,"caller":"client/main.go:166","msg":"Start decrypted data updating","role":"agent"}
{"level":"info","ts":1739344270.3323236,"caller":"client/main.go:166","msg":"Start decrypted data updating","role":"agent"}
{"level":"info","ts":1739344275.3328478,"caller":"client/main.go:166","msg":"Start decrypted data updating","role":"agent"}
{"level":"info","ts":1739344280.3332555,"caller":"client/main.go:166","msg":"Start decrypted data updating","role":"agent"}
{"level":"info","ts":1739344285.3332832,"caller":"client/main.go:166","msg":"Start decrypted data updating","role":"agent"}
{"level":"info","ts":1739344290.337116,"caller":"client/main.go:166","msg":"Start decrypted data updating","role":"agent"}
{"level":"info","ts":1739344295.3366153,"caller":"client/main.go:166","msg":"Start decrypted data updating","role":"agent"}
{"level":"info","ts":1739344300.335791,"caller":"client/main.go:166","msg":"Start decrypted data updating","role":"agent"}
{"level":"info","ts":1739344305.3358123,"caller":"client/main.go:166","msg":"Start decrypted data updating","role":"agent"}
{"level":"info","ts":1739344310.3339782,"caller":"client/main.go:166","msg":"Start decrypted data updating","role":"agent"}
{"level":"info","ts":1739344315.3357685,"caller":"client/main.go:166","msg":"Start decrypted data updating","role":"agent"}
{"level":"info","ts":1739344320.3348205,"caller":"client/main.go:166","msg":"Start decrypted data updating","role":"agent"}
{"level":"info","ts":1739344325.3357809,"caller":"client/main.go:166","msg":"Start decrypted data updating","role":"agent"}
{"level":"info","ts":1739344330.3325374,"caller":"client/main.go:166","msg":"Start decrypted data updating","role":"agent"}
{"level":"info","ts":1739344335.3324482,"caller":"client/main.go:166","msg":"Start decrypted data updating","role":"agent"}
{"level":"info","ts":1739344340.3344312,"caller":"client/main.go:166","msg":"Start decrypted data updating","role":"agent"}
{"level":"info","ts":1739344345.3329756,"caller":"client/main.go:166","msg":"Start decrypted data updating","role":"agent"}
{"level":"error","ts":1739344348.235029,"caller":"binary/binary.go:72","msg":"failed to parse file to binary","role":"agent","error":"error getting file type, failed to open file, open : no such file or directory","stacktrace":"main.createTUI.AddBinaryPage.func6.4\n\t/home/anton/My_education/Go_Practicum/gophkeeper/internal/client/tui/add/binary/binary.go:72\ngithub.com/rivo/tview.(*Form).InputHandler.func1.(*Button).InputHandler.1\n\t/home/anton/go/pkg/mod/github.com/rivo/tview@v0.0.0-20241227133733-17b7edb88c57/button.go:165\ngithub.com/rivo/tview.(*Form).InputHandler.func1.(*Button).InputHandler.(*Box).WrapInputHandler.2\n\t/home/anton/go/pkg/mod/github.com/rivo/tview@v0.0.0-20241227133733-17b7edb88c57/box.go:167\ngithub.com/rivo/tview.(*Form).InputHandler.func1\n\t/home/anton/go/pkg/mod/github.com/rivo/tview@v0.0.0-20241227133733-17b7edb88c57/form.go:867\ngithub.com/rivo/tview.(*Form).InputHandler.(*Box).WrapInputHandler.func2\n\t/home/anton/go/pkg/mod/github.com/rivo/tview@v0.0.0-20241227133733-17b7edb88c57/box.go:167\ngithub.com/rivo/tview.(*Pages).InputHandler.func1\n\t/home/anton/go/pkg/mod/github.com/rivo/tview@v0.0.0-20241227133733-17b7edb88c57/pages.go:323\ngithub.com/rivo/tview.(*Pages).InputHandler.(*Box).WrapInputHandler.func2\n\t/home/anton/go/pkg/mod/github.com/rivo/tview@v0.0.0-20241227133733-17b7edb88c57/box.go:167\ngithub.com/rivo/tview.(*Application).Run\n\t/home/anton/go/pkg/mod/github.com/rivo/tview@v0.0.0-20241227133733-17b7edb88c57/application.go:416\ngophkeeper/internal/client/tui/app.(*App).Run\n\t/home/anton/My_education/Go_Practicum/gophkeeper/internal/client/tui/app/app.go:38\nmain.run.func1\n\t/home/anton/My_education/Go_Practicum/gophkeeper/cmd/client/main.go:103"}
{"level":"info","ts":1739344350.3336596,"caller":"client/main.go:166","msg":"Start decrypted data updating","role":"agent"}
{"level":"info","ts":1739344355.333322,"caller":"client/main.go:166","msg":"Start decrypted data updating","role":"agent"}
{"level":"info","ts":1739344360.3328762,"caller":"client/main.go:166","msg":"Start decrypted data updating","role":"agent"}
{"level":"info","ts":1739344365.3340945,"caller":"client/main.go:166","msg":"Start decrypted data updating","role":"agent"}
{"level":"info","ts":1739344370.332288,"caller":"client/main.go:166","msg":"Start decrypted data updating","role":"agent"}
{"level":"error","ts":1739344373.4901338,"caller":"binary/binary.go:72","msg":"failed to parse file to binary","role":"agent","error":"error getting file type, failed to open file, open ./cmd/cline/client.log: no such file or directory","stacktrace":"main.createTUI.AddBinaryPage.func6.4\n\t/home/anton/My_education/Go_Practicum/gophkeeper/internal/client/tui/add/binary/binary.go:72\ngithub.com/rivo/tview.(*Form).InputHandler.func1.(*Button).InputHandler.1\n\t/home/anton/go/pkg/mod/github.com/rivo/tview@v0.0.0-20241227133733-17b7edb88c57/button.go:165\ngithub.com/rivo/tview.(*Form).InputHandler.func1.(*Button).InputHandler.(*Box).WrapInputHandler.2\n\t/home/anton/go/pkg/mod/github.com/rivo/tview@v0.0.0-20241227133733-17b7edb88c57/box.go:167\ngithub.com/rivo/tview.(*Form).InputHandler.func1\n\t/home/anton/go/pkg/mod/github.com/rivo/tview@v0.0.0-20241227133733-17b7edb88c57/form.go:867\ngithub.com/rivo/tview.(*Form).InputHandler.(*Box).WrapInputHandler.func2\n\t/home/anton/go/pkg/mod/github.com/rivo/tview@v0.0.0-20241227133733-17b7edb88c57/box.go:167\ngithub.com/rivo/tview.(*Pages).InputHandler.func1\n\t/home/anton/go/pkg/mod/github.com/rivo/tview@v0.0.0-20241227133733-17b7edb88c57/pages.go:323\ngithub.com/rivo/tview.(*Pages).InputHandler.(*Box).WrapInputHandler.func2\n\t/home/anton/go/pkg/mod/github.com/rivo/tview@v0.0.0-20241227133733-17b7edb88c57/box.go:167\ngithub.com/rivo/tview.(*Application).Run\n\t/home/anton/go/pkg/mod/github.com/rivo/tview@v0.0.0-20241227133733-17b7edb88c57/application.go:416\ngophkeeper/internal/client/tui/app.(*App).Run\n\t/home/anton/My_education/Go_Practicum/gophkeeper/internal/client/tui/app/app.go:38\nmain.run.func1\n\t/home/anton/My_education/Go_Practicum/gophkeeper/cmd/client/main.go:103"}
{"level":"info","ts":1739344375.3332896,"caller":"client/main.go:166","msg":"Start decrypted data updating","role":"agent"}
{"level":"info","ts":1739344380.3337877,"caller":"client/main.go:166","msg":"Start decrypted data updating","role":"agent"}
{"level":"info","ts":1739344385.336764,"caller":"client/main.go:166","msg":"Start decrypted data updating","role":"agent"}
{"level":"info","ts":1739344390.3367565,"caller":"client/main.go:166","msg":"Start decrypted data updating","role":"agent"}
{"level":"info","ts":1739344395.3369298,"caller":"client/main.go:166","msg":"Start decrypted data updating","role":"agent"}
{"level":"info","ts":1739344400.3371909,"caller":"client/main.go:166","msg":"Start decrypted data updating","role":"agent"}
{"level":"info","ts":1739344405.3371146,"caller":"client/main.go:166","msg":"Start decrypted data updating","role":"agent"}
{"level":"info","ts":1739344410.3367727,"caller":"client/main.go:166","msg":"Start decrypted data updating","role":"agent"}
{"level":"info","ts":1739344415.3370547,"caller":"client/main.go:166","msg":"Start decrypted data updating","role":"agent"}
{"level":"info","ts":1739344420.336477,"caller":"client/main.go:166","msg":"Start decrypted data updating","role":"agent"}
{"level":"info","ts":1739344425.336876,"caller":"client/main.go:166","msg":"Start decrypted data updating","role":"agent"}
{"level":"info","ts":1739344430.3372533,"caller":"client/main.go:166","msg":"Start decrypted data updating","role":"agent"}
{"level":"info","ts":1739344435.3370197,"caller":"client/main.go:166","msg":"Start decrypted data updating","role":"agent"}
{"level":"info","ts":1739344440.3367958,"caller":"client/main.go:166","msg":"Start decrypted data updating","role":"agent"}
{"level":"info","ts":1739344445.3366165,"caller":"client/main.go:166","msg":"Start decrypted data updating","role":"agent"}
{"level":"info","ts":1739344450.3326795,"caller":"client/main.go:166","msg":"Start decrypted data updating","role":"agent"}
{"level":"info","ts":1739344455.3368971,"caller":"client/main.go:166","msg":"Start decrypted data updating","role":"agent"}
{"level":"info","ts":1739344460.3371644,"caller":"client/main.go:166","msg":"Start decrypted data updating","role":"agent"}
{"level":"info","ts":1739344465.3366446,"caller":"client/main.go:166","msg":"Start decrypted data updating","role":"agent"}
{"level":"info","ts":1739344470.3373196,"caller":"client/main.go:166","msg":"Start decrypted data updating","role":"agent"}
{"level":"info","ts":1739344475.3363209,"caller":"client/main.go:166","msg":"Start decrypted data updating","role":"agent"}
{"level":"info","ts":1739344480.3374586,"caller":"client/main.go:166","msg":"Start decrypted data updating","role":"agent"}
{"level":"info","ts":1739344485.336775,"caller":"client/main.go:166","msg":"Start decrypted data updating","role":"agent"}
{"level":"info","ts":1739344490.3372846,"caller":"client/main.go:166","msg":"Start decrypted data updating","role":"agent"}
{"level":"info","ts":1739344495.3362987,"caller":"client/main.go:166","msg":"Start decrypted data updating","role":"agent"}
{"level":"info","ts":1739344500.3330138,"caller":"client/main.go:166","msg":"Start decrypted data updating","role":"agent"}
{"level":"info","ts":1739344505.3370738,"caller":"client/main.go:166","msg":"Start decrypted data updating","role":"agent"}
{"level":"info","ts":1739344510.3369625,"caller":"client/main.go:166","msg":"Start decrypted data updating","role":"agent"}
{"level":"info","ts":1739344515.332401,"caller":"client/main.go:166","msg":"Start decrypted data updating","role":"agent"}
{"level":"info","ts":1739344520.3358076,"caller":"client/main.go:166","msg":"Start decrypted data updating","role":"agent"}
{"level":"info","ts":1739344525.334568,"caller":"client/main.go:166","msg":"Start decrypted data updating","role":"agent"}
{"level":"info","ts":1739344530.3363156,"caller":"client/main.go:166","msg":"Start decrypted data updating","role":"agent"}
{"level":"info","ts":1739344535.3324769,"caller":"client/main.go:166","msg":"Start decrypted data updating","role":"agent"}
{"level":"info","ts":1739344540.3371227,"caller":"client/main.go:166","msg":"Start decrypted data updating","role":"agent"}
{"level":"info","ts":1739344545.3366559,"caller":"client/main.go:166","msg":"Start decrypted data updating","role":"agent"}
{"level":"info","ts":1739344550.3367593,"caller":"client/main.go:166","msg":"Start decrypted data updating","role":"agent"}
{"level":"info","ts":1739344555.3367887,"caller":"client/main.go:166","msg":"Start decrypted data updating","role":"agent"}
{"level":"info","ts":1739344560.3371627,"caller":"client/main.go:166","msg":"Start decrypted data updating","role":"agent"}
{"level":"info","ts":1739344565.3369641,"caller":"client/main.go:166","msg":"Start decrypted data updating","role":"agent"}
{"level":"info","ts":1739344570.332283,"caller":"client/main.go:166","msg":"Start decrypted data updating","role":"agent"}
{"level":"info","ts":1739344575.3371592,"caller":"client/main.go:166","msg":"Start decrypted data updating","role":"agent"}
{"level":"info","ts":1739344580.3364775,"caller":"client/main.go:166","msg":"Start decrypted data updating","role":"agent"}
{"level":"info","ts":1739344585.3371882,"caller":"client/main.go:166","msg":"Start decrypted data updating","role":"agent"}
{"level":"info","ts":1739344590.3367503,"caller":"client/main.go:166","msg":"Start decrypted data updating","role":"agent"}
{"level":"info","ts":1739344595.3366566,"caller":"client/main.go:166","msg":"Start decrypted data updating","role":"agent"}
{"level":"info","ts":1739344600.3369722,"caller":"client/main.go:166","msg":"Start decrypted data updating","role":"agent"}
{"level":"info","ts":1739344605.3364265,"caller":"client/main.go:166","msg":"Start decrypted data updating","role":"agent"}
{"level":"info","ts":1739344610.3365817,"caller":"client/main.go:166","msg":"Start decrypted data updating","role":"agent"}
{"level":"info","ts":1739344615.336944,"caller":"client/main.go:166","msg":"Start decrypted data updating","role":"agent"}
{"level":"info","ts":1739344620.336414,"caller":"client/main.go:166","msg":"Start decrypted data updating","role":"agent"}
{"level":"info","ts":1739344625.3330977,"caller":"client/main.go:166","msg":"Start decrypted data updating","role":"agent"}
{"level":"info","ts":1739344630.337356,"caller":"client/main.go:166","msg":"Start decrypted data updating","role":"agent"}
{"level":"info","ts":1739344635.3340752,"caller":"client/main.go:166","msg":"Start decrypted data updating","role":"agent"}
{"level":"info","ts":1739344640.3368096,"caller":"client/main.go:166","msg":"Start decrypted data updating","role":"agent"}
{"level":"info","ts":1739344645.3373108,"caller":"client/main.go:166","msg":"Start decrypted data updating","role":"agent"}
{"level":"info","ts":1739344650.3329053,"caller":"client/main.go:166","msg":"Start decrypted data updating","role":"agent"}
{"level":"info","ts":1739344655.3331323,"caller":"client/main.go:166","msg":"Start decrypted data updating","role":"agent"}
{"level":"info","ts":1739344660.3368332,"caller":"client/main.go:166","msg":"Start decrypted data updating","role":"agent"}
{"level":"info","ts":1739344665.336565,"caller":"client/main.go:166","msg":"Start decrypted data updating","role":"agent"}
{"level":"info","ts":1739344670.334462,"caller":"client/main.go:166","msg":"Start decrypted data updating","role":"agent"}
{"level":"info","ts":1739344675.3337457,"caller":"client/main.go:166","msg":"Start decrypted data updating","role":"agent"}
{"level":"info","ts":1739344680.335004,"caller":"client/main.go:166","msg":"Start decrypted data updating","role":"agent"}
{"level":"info","ts":1739344685.333154,"caller":"client/main.go:166","msg":"Start decrypted data updating","role":"agent"}
{"level":"info","ts":1739344685.3332477,"caller":"client/main.go:141","msg":"Start data synchronization with server","role":"agent"}
{"level":"error","ts":1739344685.3514,"caller":"client/main.go:145","msg":"failed to synchronize data","role":"agent","server address":"http://localhost:8085","stacktrace":"main.run.func3\n\t/home/anton/My_education/Go_Practicum/gophkeeper/cmd/client/main.go:145"}
{"level":"info","ts":1739344690.336955,"caller":"client/main.go:166","msg":"Start decrypted data updating","role":"agent"}
{"level":"info","ts":1739344695.3367853,"caller":"client/main.go:166","msg":"Start decrypted data updating","role":"agent"}
{"level":"info","ts":1739344700.3366888,"caller":"client/main.go:166","msg":"Start decrypted data updating","role":"agent"}
{"level":"info","ts":1739344705.3371658,"caller":"client/main.go:166","msg":"Start decrypted data updating","role":"agent"}
{"level":"info","ts":1739344710.3372622,"caller":"client/main.go:166","msg":"Start decrypted data updating","role":"agent"}
{"level":"info","ts":1739344715.3365674,"caller":"client/main.go:166","msg":"Start decrypted data updating","role":"agent"}
{"level":"info","ts":1739344720.3360395,"caller":"client/main.go:166","msg":"Start decrypted data updating","role":"agent"}
{"level":"info","ts":1739344725.3371255,"caller":"client/main.go:166","msg":"Start decrypted data updating","role":"agent"}
{"level":"info","ts":1739344730.3369708,"caller":"client/main.go:166","msg":"Start decrypted data updating","role":"agent"}
{"level":"info","ts":1739344735.3336022,"caller":"client/main.go:166","msg":"Start decrypted data updating","role":"agent"}
{"level":"info","ts":1739344740.3352454,"caller":"client/main.go:166","msg":"Start decrypted data updating","role":"agent"}
{"level":"info","ts":1739344745.3353705,"caller":"client/main.go:166","msg":"Start decrypted data updating","role":"agent"}
{"level":"info","ts":1739344750.3365881,"caller":"client/main.go:166","msg":"Start decrypted data updating","role":"agent"}
{"level":"info","ts":1739344755.3366265,"caller":"client/main.go:166","msg":"Start decrypted data updating","role":"agent"}
{"level":"info","ts":1739344760.3366792,"caller":"client/main.go:166","msg":"Start decrypted data updating","role":"agent"}
{"level":"info","ts":1739344765.3366947,"caller":"client/main.go:166","msg":"Start decrypted data updating","role":"agent"}
{"level":"info","ts":1739344770.3372674,"caller":"client/main.go:166","msg":"Start decrypted data updating","role":"agent"}
{"level":"info","ts":1739344775.337031,"caller":"client/main.go:166","msg":"Start decrypted data updating","role":"agent"}
{"level":"info","ts":1739344780.3358097,"caller":"client/main.go:166","msg":"Start decrypted data updating","role":"agent"}
{"level":"info","ts":1739344785.337153,"caller":"client/main.go:166","msg":"Start decrypted data updating","role":"agent"}
{"level":"info","ts":1739344790.3364234,"caller":"client/main.go:166","msg":"Start decrypted data updating","role":"agent"}
{"level":"info","ts":1739344795.3370836,"caller":"client/main.go:166","msg":"Start decrypted data updating","role":"agent"}
{"level":"info","ts":1739344800.3372517,"caller":"client/main.go:166","msg":"Start decrypted data updating","role":"agent"}
{"level":"info","ts":1739344805.3367782,"caller":"client/main.go:166","msg":"Start decrypted data updating","role":"agent"}
{"level":"info","ts":1739344810.336829,"caller":"client/main.go:166","msg":"Start decrypted data updating","role":"agent"}
{"level":"info","ts":1739344815.336469,"caller":"client/main.go:166","msg":"Start decrypted data updating","role":"agent"}
{"level":"info","ts":1739344820.3358502,"caller":"client/main.go:166","msg":"Start decrypted data updating","role":"agent"}
{"level":"info","ts":1739344825.334844,"caller":"client/main.go:166","msg":"Start decrypted data updating","role":"agent"}
{"level":"info","ts":1739344830.3369665,"caller":"client/main.go:166","msg":"Start decrypted data updating","role":"agent"}
{"level":"info","ts":1739344835.335556,"caller":"client/main.go:166","msg":"Start decrypted data updating","role":"agent"}
{"level":"info","ts":1739344840.3326845,"caller":"client/main.go:166","msg":"Start decrypted data updating","role":"agent"}
{"level":"info","ts":1739344845.332763,"caller":"client/main.go:166","msg":"Start decrypted data updating","role":"agent"}
{"level":"info","ts":1739344850.334079,"caller":"client/main.go:166","msg":"Start decrypted data updating","role":"agent"}
{"level":"info","ts":1739344855.3370755,"caller":"client/main.go:166","msg":"Start decrypted data updating","role":"agent"}
{"level":"info","ts":1739344860.3366804,"caller":"client/main.go:166","msg":"Start decrypted data updating","role":"agent"}
{"level":"info","ts":1739344865.3366427,"caller":"client/main.go:166","msg":"Start decrypted data updating","role":"agent"}
{"level":"info","ts":1739344870.333364,"caller":"client/main.go:166","msg":"Start decrypted data updating","role":"agent"}
{"level":"info","ts":1739344875.3341923,"caller":"client/main.go:166","msg":"Start decrypted data updating","role":"agent"}
{"level":"info","ts":1739344880.336932,"caller":"client/main.go:166","msg":"Start decrypted data updating","role":"agent"}
{"level":"info","ts":1739344885.3369124,"caller":"client/main.go:166","msg":"Start decrypted data updating","role":"agent"}
{"level":"info","ts":1739344890.3376205,"caller":"client/main.go:166","msg":"Start decrypted data updating","role":"agent"}
{"level":"info","ts":1739344895.336531,"caller":"client/main.go:166","msg":"Start decrypted data updating","role":"agent"}
{"level":"info","ts":1739344900.3367949,"caller":"client/main.go:166","msg":"Start decrypted data updating","role":"agent"}
{"level":"info","ts":1739344905.3370516,"caller":"client/main.go:166","msg":"Start decrypted data updating","role":"agent"}
{"level":"info","ts":1739344910.3371482,"caller":"client/main.go:166","msg":"Start decrypted data updating","role":"agent"}
{"level":"info","ts":1739344915.3367534,"caller":"client/main.go:166","msg":"Start decrypted data updating","role":"agent"}
{"level":"info","ts":1739344920.3363743,"caller":"client/main.go:166","msg":"Start decrypted data updating","role":"agent"}
{"level":"info","ts":1739344925.3328745,"caller":"client/main.go:166","msg":"Start decrypted data updating","role":"agent"}
{"level":"info","ts":1739344930.3367827,"caller":"client/main.go:166","msg":"Start decrypted data updating","role":"agent"}
{"level":"info","ts":1739344935.33679,"caller":"client/main.go:166","msg":"Start decrypted data updating","role":"agent"}
{"level":"info","ts":1739344940.3367958,"caller":"client/main.go:166","msg":"Start decrypted data updating","role":"agent"}
{"level":"info","ts":1739344945.3367796,"caller":"client/main.go:166","msg":"Start decrypted data updating","role":"agent"}
{"level":"info","ts":1739344950.33704,"caller":"client/main.go:166","msg":"Start decrypted data updating","role":"agent"}
{"level":"info","ts":1739344955.3357923,"caller":"client/main.go:166","msg":"Start decrypted data updating","role":"agent"}
{"level":"info","ts":1739344960.3367774,"caller":"client/main.go:166","msg":"Start decrypted data updating","role":"agent"}
{"level":"info","ts":1739344965.3366275,"caller":"client/main.go:166","msg":"Start decrypted data updating","role":"agent"}
{"level":"info","ts":1739344970.3365653,"caller":"client/main.go:166","msg":"Start decrypted data updating","role":"agent"}
{"level":"info","ts":1739344975.3368697,"caller":"client/main.go:166","msg":"Start decrypted data updating","role":"agent"}
{"level":"info","ts":1739344980.3362734,"caller":"client/main.go:166","msg":"Start decrypted data updating","role":"agent"}
{"level":"info","ts":1739344985.336787,"caller":"client/main.go:166","msg":"Start decrypted data updating","role":"agent"}
{"level":"info","ts":1739344990.3370266,"caller":"client/main.go:166","msg":"Start decrypted data updating","role":"agent"}
{"level":"info","ts":1739344995.3357677,"caller":"client/main.go:166","msg":"Start decrypted data updating","role":"agent"}
{"level":"info","ts":1739345000.3368082,"caller":"client/main.go:166","msg":"Start decrypted data updating","role":"agent"}
{"level":"info","ts":1739345005.337221,"caller":"client/main.go:166","msg":"Start decrypted data updating","role":"agent"}
{"level":"info","ts":1739345010.3342848,"caller":"client/main.go:166","msg":"Start decrypted data updating","role":"agent"}
{"level":"info","ts":1739345015.3366966,"caller":"client/main.go:166","msg":"Start decrypted data updating","role":"agent"}
{"level":"info","ts":1739345020.336538,"caller":"client/main.go:166","msg":"Start decrypted data updating","role":"agent"}
{"level":"info","ts":1739345025.3351328,"caller":"client/main.go:166","msg":"Start decrypted data updating","role":"agent"}
{"level":"info","ts":1739345030.3364904,"caller":"client/main.go:166","msg":"Start decrypted data updating","role":"agent"}
{"level":"info","ts":1739345035.3336382,"caller":"client/main.go:166","msg":"Start decrypted data updating","role":"agent"}
{"level":"info","ts":1739345040.3367624,"caller":"client/main.go:166","msg":"Start decrypted data updating","role":"agent"}
{"level":"info","ts":1739345045.3354187,"caller":"client/main.go:166","msg":"Start decrypted data updating","role":"agent"}
{"level":"info","ts":1739345050.3369117,"caller":"client/main.go:166","msg":"Start decrypted data updating","role":"agent"}
{"level":"info","ts":1739345055.3368702,"caller":"client/main.go:166","msg":"Start decrypted data updating","role":"agent"}
{"level":"info","ts":1739345060.3358755,"caller":"client/main.go:166","msg":"Start decrypted data updating","role":"agent"}
{"level":"info","ts":1739345065.3367805,"caller":"client/main.go:166","msg":"Start decrypted data updating","role":"agent"}
{"level":"info","ts":1739345070.33285,"caller":"client/main.go:166","msg":"Start decrypted data updating","role":"agent"}
{"level":"error","ts":1739345074.5004072,"caller":"text/text.go:61","msg":"save data error","role":"agent","error":"text can't be emphty","stacktrace":"main.createTUI.AddTextPage.func8.4\n\t/home/anton/My_education/Go_Practicum/gophkeeper/internal/client/tui/add/text/text.go:61\ngithub.com/rivo/tview.(*Form).InputHandler.func1.(*Button).InputHandler.1\n\t/home/anton/go/pkg/mod/github.com/rivo/tview@v0.0.0-20241227133733-17b7edb88c57/button.go:165\ngithub.com/rivo/tview.(*Form).InputHandler.func1.(*Button).InputHandler.(*Box).WrapInputHandler.2\n\t/home/anton/go/pkg/mod/github.com/rivo/tview@v0.0.0-20241227133733-17b7edb88c57/box.go:167\ngithub.com/rivo/tview.(*Form).InputHandler.func1\n\t/home/anton/go/pkg/mod/github.com/rivo/tview@v0.0.0-20241227133733-17b7edb88c57/form.go:867\ngithub.com/rivo/tview.(*Form).InputHandler.(*Box).WrapInputHandler.func2\n\t/home/anton/go/pkg/mod/github.com/rivo/tview@v0.0.0-20241227133733-17b7edb88c57/box.go:167\ngithub.com/rivo/tview.(*Pages).InputHandler.func1\n\t/home/anton/go/pkg/mod/github.com/rivo/tview@v0.0.0-20241227133733-17b7edb88c57/pages.go:323\ngithub.com/rivo/tview.(*Pages).InputHandler.(*Box).WrapInputHandler.func2\n\t/home/anton/go/pkg/mod/github.com/rivo/tview@v0.0.0-20241227133733-17b7edb88c57/box.go:167\ngithub.com/rivo/tview.(*Application).Run\n\t/home/anton/go/pkg/mod/github.com/rivo/tview@v0.0.0-20241227133733-17b7edb88c57/application.go:416\ngophkeeper/internal/client/tui/app.(*App).Run\n\t/home/anton/My_education/Go_Practicum/gophkeeper/internal/client/tui/app/app.go:38\nmain.run.func1\n\t/home/anton/My_education/Go_Practicum/gophkeeper/cmd/client/main.go:103"}
{"level":"info","ts":1739345075.3328319,"caller":"client/main.go:166","msg":"Start decrypted data updating","role":"agent"}
{"level":"info","ts":1739345080.3348622,"caller":"client/main.go:166","msg":"Start decrypted data updating","role":"agent"}
{"level":"info","ts":1739345085.3327851,"caller":"client/main.go:166","msg":"Start decrypted data updating","role":"agent"}
{"level":"info","ts":1739345090.333078,"caller":"client/main.go:166","msg":"Start decrypted data updating","role":"agent"}
{"level":"info","ts":1739345095.333187,"caller":"client/main.go:166","msg":"Start decrypted data updating","role":"agent"}
{"level":"info","ts":1739345100.3328545,"caller":"client/main.go:166","msg":"Start decrypted data updating","role":"agent"}
{"level":"info","ts":1739345105.3332248,"caller":"client/main.go:166","msg":"Start decrypted data updating","role":"agent"}
{"level":"info","ts":1739345110.3327777,"caller":"client/main.go:166","msg":"Start decrypted data updating","role":"agent"}
{"level":"info","ts":1739345115.3326323,"caller":"client/main.go:166","msg":"Start decrypted data updating","role":"agent"}
{"level":"info","ts":1739345120.3337986,"caller":"client/main.go:166","msg":"Start decrypted data updating","role":"agent"}
{"level":"info","ts":1739345125.3325257,"caller":"client/main.go:166","msg":"Start decrypted data updating","role":"agent"}
{"level":"info","ts":1739345130.333053,"caller":"client/main.go:166","msg":"Start decrypted data updating","role":"agent"}
{"level":"info","ts":1739345135.3328168,"caller":"client/main.go:166","msg":"Start decrypted data updating","role":"agent"}
{"level":"info","ts":1739345140.3367672,"caller":"client/main.go:166","msg":"Start decrypted data updating","role":"agent"}
{"level":"info","ts":1739345145.3357983,"caller":"client/main.go:166","msg":"Start decrypted data updating","role":"agent"}
{"level":"info","ts":1739345150.337068,"caller":"client/main.go:166","msg":"Start decrypted data updating","role":"agent"}
{"level":"info","ts":1739345155.3357854,"caller":"client/main.go:166","msg":"Start decrypted data updating","role":"agent"}
{"level":"info","ts":1739345160.3322828,"caller":"client/main.go:166","msg":"Start decrypted data updating","role":"agent"}
{"level":"info","ts":1739345163.8563735,"caller":"client/main.go:181","msg":"Shutting down client...","role":"agent"}
{"level":"info","ts":1739345163.8565323,"caller":"client/main.go:163","msg":"Stopping decrypted data updating","role":"agent"}
{"level":"info","ts":1739345163.8565555,"caller":"client/main.go:138","msg":"Stopping data synchronization with server","role":"agent"}
{"level":"info","ts":1739345163.8566005,"caller":"client/main.go:189","msg":"Shutdown the client gracefully","role":"agent"}
